C:\Users\halfp\Desktop\dev\sandbox-angular4\sandbox-angular4\src\app\services\color.service.js
C:\Users\halfp\Desktop\dev\sandbox-angular4\sandbox-angular4\src\app\services\color.service.js.map
C:\Users\halfp\Desktop\dev\sandbox-angular4\sandbox-angular4\src\app\modules\color.module.js
C:\Users\halfp\Desktop\dev\sandbox-angular4\sandbox-angular4\src\app\modules\color.module.js.map
C:\Users\halfp\Desktop\dev\sandbox-angular4\sandbox-angular4\src\app\app.component.js
C:\Users\halfp\Desktop\dev\sandbox-angular4\sandbox-angular4\src\app\app.component.js.map
C:\Users\halfp\Desktop\dev\sandbox-angular4\sandbox-angular4\src\app\attribute-binding\attribute-binding.component.js
C:\Users\halfp\Desktop\dev\sandbox-angular4\sandbox-angular4\src\app\attribute-binding\attribute-binding.component.js.map
C:\Users\halfp\Desktop\dev\sandbox-angular4\sandbox-angular4\src\app\attribute-vs-property\attribute-vs-property.component.js
C:\Users\halfp\Desktop\dev\sandbox-angular4\sandbox-angular4\src\app\attribute-vs-property\attribute-vs-property.component.js.map
C:\Users\halfp\Desktop\dev\sandbox-angular4\sandbox-angular4\src\app\basic-component\basic-component.component.js
C:\Users\halfp\Desktop\dev\sandbox-angular4\sandbox-angular4\src\app\basic-component\basic-component.component.js.map
C:\Users\halfp\Desktop\dev\sandbox-angular4\sandbox-angular4\src\app\bootstrap-sandbox\bootstrap-sandbox.component.js
C:\Users\halfp\Desktop\dev\sandbox-angular4\sandbox-angular4\src\app\bootstrap-sandbox\bootstrap-sandbox.component.js.map
C:\Users\halfp\Desktop\dev\sandbox-angular4\sandbox-angular4\src\app\container-and-nested\composer-count\composer-count.component.js
C:\Users\halfp\Desktop\dev\sandbox-angular4\sandbox-angular4\src\app\container-and-nested\composer-count\composer-count.component.js.map
C:\Users\halfp\Desktop\dev\sandbox-angular4\sandbox-angular4\src\app\interfaces\composer.js
C:\Users\halfp\Desktop\dev\sandbox-angular4\sandbox-angular4\src\app\interfaces\composer.js.map
C:\Users\halfp\Desktop\dev\sandbox-angular4\sandbox-angular4\src\app\container-and-nested\composer-list\composer-list.component.js
C:\Users\halfp\Desktop\dev\sandbox-angular4\sandbox-angular4\src\app\container-and-nested\composer-list\composer-list.component.js.map
C:\Users\halfp\Desktop\dev\sandbox-angular4\sandbox-angular4\src\app\container-and-nested\container-and-nested.component.js
C:\Users\halfp\Desktop\dev\sandbox-angular4\sandbox-angular4\src\app\container-and-nested\container-and-nested.component.js.map
C:\Users\halfp\Desktop\dev\sandbox-angular4\sandbox-angular4\src\app\css-class-binding\css-class-binding.component.js
C:\Users\halfp\Desktop\dev\sandbox-angular4\sandbox-angular4\src\app\css-class-binding\css-class-binding.component.js.map
C:\Users\halfp\Desktop\dev\sandbox-angular4\sandbox-angular4\src\app\dashboard\dashboard.component.js
C:\Users\halfp\Desktop\dev\sandbox-angular4\sandbox-angular4\src\app\dashboard\dashboard.component.js.map
C:\Users\halfp\Desktop\dev\sandbox-angular4\sandbox-angular4\src\app\services\user-preferences.service.js
C:\Users\halfp\Desktop\dev\sandbox-angular4\sandbox-angular4\src\app\services\user-preferences.service.js.map
C:\Users\halfp\Desktop\dev\sandbox-angular4\sandbox-angular4\src\app\dependency-injection-one\dependency-injection-one.component.js
C:\Users\halfp\Desktop\dev\sandbox-angular4\sandbox-angular4\src\app\dependency-injection-one\dependency-injection-one.component.js.map
C:\Users\halfp\Desktop\dev\sandbox-angular4\sandbox-angular4\src\app\dependency-injection-two\dependency-injection-two.component.js
C:\Users\halfp\Desktop\dev\sandbox-angular4\sandbox-angular4\src\app\dependency-injection-two\dependency-injection-two.component.js.map
C:\Users\halfp\Desktop\dev\sandbox-angular4\sandbox-angular4\src\app\service-di-color-module\service-di-color-module.component.js
C:\Users\halfp\Desktop\dev\sandbox-angular4\sandbox-angular4\src\app\service-di-color-module\service-di-color-module.component.js.map
C:\Users\halfp\Desktop\dev\sandbox-angular4\sandbox-angular4\src\app\event-binding\event-binding.component.js
C:\Users\halfp\Desktop\dev\sandbox-angular4\sandbox-angular4\src\app\event-binding\event-binding.component.js.map
C:\Users\halfp\Desktop\dev\sandbox-angular4\sandbox-angular4\src\app\interfaces\programmer.js
C:\Users\halfp\Desktop\dev\sandbox-angular4\sandbox-angular4\src\app\interfaces\programmer.js.map
C:\Users\halfp\Desktop\dev\sandbox-angular4\sandbox-angular4\src\app\services\programmer-http.service.js
C:\Users\halfp\Desktop\dev\sandbox-angular4\sandbox-angular4\src\app\services\programmer-http.service.js.map
C:\Users\halfp\Desktop\dev\sandbox-angular4\sandbox-angular4\src\app\http-service-caller-programmer-list\http-service-caller-programmer-list.component.js
C:\Users\halfp\Desktop\dev\sandbox-angular4\sandbox-angular4\src\app\http-service-caller-programmer-list\http-service-caller-programmer-list.component.js.map
C:\Users\halfp\Desktop\dev\sandbox-angular4\sandbox-angular4\src\app\services\programmer-http-promise.service..js
C:\Users\halfp\Desktop\dev\sandbox-angular4\sandbox-angular4\src\app\services\programmer-http-promise.service..js.map
C:\Users\halfp\Desktop\dev\sandbox-angular4\sandbox-angular4\src\app\http-service-caller-programmer-list-promise\http-service-caller-programmer-list-promise.component.js
C:\Users\halfp\Desktop\dev\sandbox-angular4\sandbox-angular4\src\app\http-service-caller-programmer-list-promise\http-service-caller-programmer-list-promise.component.js.map
C:\Users\halfp\Desktop\dev\sandbox-angular4\sandbox-angular4\src\app\interpolation\interpolation.component.js
C:\Users\halfp\Desktop\dev\sandbox-angular4\sandbox-angular4\src\app\interpolation\interpolation.component.js.map
C:\Users\halfp\Desktop\dev\sandbox-angular4\sandbox-angular4\src\app\lifecycle-hooks\lifecycle-hooks.component.js
C:\Users\halfp\Desktop\dev\sandbox-angular4\sandbox-angular4\src\app\lifecycle-hooks\lifecycle-hooks.component.js.map
C:\Users\halfp\Desktop\dev\sandbox-angular4\sandbox-angular4\src\app\ngfor-directive\ngfor-directive.component.js
C:\Users\halfp\Desktop\dev\sandbox-angular4\sandbox-angular4\src\app\ngfor-directive\ngfor-directive.component.js.map
C:\Users\halfp\Desktop\dev\sandbox-angular4\sandbox-angular4\src\app\nav-bar\nav-bar.component.js
C:\Users\halfp\Desktop\dev\sandbox-angular4\sandbox-angular4\src\app\nav-bar\nav-bar.component.js.map
C:\Users\halfp\Desktop\dev\sandbox-angular4\sandbox-angular4\src\app\observables\observables.component.js
C:\Users\halfp\Desktop\dev\sandbox-angular4\sandbox-angular4\src\app\observables\observables.component.js.map
C:\Users\halfp\Desktop\dev\sandbox-angular4\sandbox-angular4\src\app\page-not-found\page-not-found.component.js
C:\Users\halfp\Desktop\dev\sandbox-angular4\sandbox-angular4\src\app\page-not-found\page-not-found.component.js.map
C:\Users\halfp\Desktop\dev\sandbox-angular4\sandbox-angular4\src\app\programmer-detail\programmer-detail.component.js
C:\Users\halfp\Desktop\dev\sandbox-angular4\sandbox-angular4\src\app\programmer-detail\programmer-detail.component.js.map
C:\Users\halfp\Desktop\dev\sandbox-angular4\sandbox-angular4\src\app\programmer-detail-promise\programmer-detail-promise.component.js
C:\Users\halfp\Desktop\dev\sandbox-angular4\sandbox-angular4\src\app\programmer-detail-promise\programmer-detail-promise.component.js.map
C:\Users\halfp\Desktop\dev\sandbox-angular4\sandbox-angular4\src\app\property-binding\property-binding.component.js
C:\Users\halfp\Desktop\dev\sandbox-angular4\sandbox-angular4\src\app\property-binding\property-binding.component.js.map
C:\Users\halfp\Desktop\dev\sandbox-angular4\sandbox-angular4\src\app\pipe-use\pipes.component.js
C:\Users\halfp\Desktop\dev\sandbox-angular4\sandbox-angular4\src\app\pipe-use\pipes.component.js.map
C:\Users\halfp\Desktop\dev\sandbox-angular4\sandbox-angular4\src\app\ngfor-directive\player\player.component.js
C:\Users\halfp\Desktop\dev\sandbox-angular4\sandbox-angular4\src\app\ngfor-directive\player\player.component.js.map
C:\Users\halfp\Desktop\dev\sandbox-angular4\sandbox-angular4\src\app\ngfor-directive\player\player-list\player-list.component.js
C:\Users\halfp\Desktop\dev\sandbox-angular4\sandbox-angular4\src\app\ngfor-directive\player\player-list\player-list.component.js.map
C:\Users\halfp\Desktop\dev\sandbox-angular4\sandbox-angular4\src\app\directives\red-text.directive.js
C:\Users\halfp\Desktop\dev\sandbox-angular4\sandbox-angular4\src\app\directives\red-text.directive.js.map
C:\Users\halfp\Desktop\dev\sandbox-angular4\sandbox-angular4\src\app\routing-example-programmers\routing-example-programmers.component.js
C:\Users\halfp\Desktop\dev\sandbox-angular4\sandbox-angular4\src\app\routing-example-programmers\routing-example-programmers.component.js.map
C:\Users\halfp\Desktop\dev\sandbox-angular4\sandbox-angular4\src\app\interfaces\inventor.js
C:\Users\halfp\Desktop\dev\sandbox-angular4\sandbox-angular4\src\app\interfaces\inventor.js.map
C:\Users\halfp\Desktop\dev\sandbox-angular4\sandbox-angular4\src\app\services\inventor.service.js
C:\Users\halfp\Desktop\dev\sandbox-angular4\sandbox-angular4\src\app\services\inventor.service.js.map
C:\Users\halfp\Desktop\dev\sandbox-angular4\sandbox-angular4\src\app\service-caller-inventor-list\service-caller-inventor-list.component.js
C:\Users\halfp\Desktop\dev\sandbox-angular4\sandbox-angular4\src\app\service-caller-inventor-list\service-caller-inventor-list.component.js.map
C:\Users\halfp\Desktop\dev\sandbox-angular4\sandbox-angular4\src\app\pipes\title.pipe.js
C:\Users\halfp\Desktop\dev\sandbox-angular4\sandbox-angular4\src\app\pipes\title.pipe.js.map
C:\Users\halfp\Desktop\dev\sandbox-angular4\sandbox-angular4\src\app\two-way-data-binding\two-way-data-binding.component.js
C:\Users\halfp\Desktop\dev\sandbox-angular4\sandbox-angular4\src\app\two-way-data-binding\two-way-data-binding.component.js.map
C:\Users\halfp\Desktop\dev\sandbox-angular4\sandbox-angular4\src\app\nav-pages\binding-pages\binding-pages.component.js
C:\Users\halfp\Desktop\dev\sandbox-angular4\sandbox-angular4\src\app\nav-pages\binding-pages\binding-pages.component.js.map
C:\Users\halfp\Desktop\dev\sandbox-angular4\sandbox-angular4\src\app\nav-pages\bootstrap-pages\bootstrap-pages.component.js
C:\Users\halfp\Desktop\dev\sandbox-angular4\sandbox-angular4\src\app\nav-pages\bootstrap-pages\bootstrap-pages.component.js.map
C:\Users\halfp\Desktop\dev\sandbox-angular4\sandbox-angular4\src\app\nav-pages\css-pages\css-pages.component.js
C:\Users\halfp\Desktop\dev\sandbox-angular4\sandbox-angular4\src\app\nav-pages\css-pages\css-pages.component.js.map
C:\Users\halfp\Desktop\dev\sandbox-angular4\sandbox-angular4\src\app\nav-pages\fundamentals\fundamentals.component.js
C:\Users\halfp\Desktop\dev\sandbox-angular4\sandbox-angular4\src\app\nav-pages\fundamentals\fundamentals.component.js.map
C:\Users\halfp\Desktop\dev\sandbox-angular4\sandbox-angular4\src\app\nav-pages\injection-pages\injection-pages.component.js
C:\Users\halfp\Desktop\dev\sandbox-angular4\sandbox-angular4\src\app\nav-pages\injection-pages\injection-pages.component.js.map
C:\Users\halfp\Desktop\dev\sandbox-angular4\sandbox-angular4\src\app\nav-pages\life-cycle-pages\life-cycle-pages.component.js
C:\Users\halfp\Desktop\dev\sandbox-angular4\sandbox-angular4\src\app\nav-pages\life-cycle-pages\life-cycle-pages.component.js.map
C:\Users\halfp\Desktop\dev\sandbox-angular4\sandbox-angular4\src\app\nav-pages\pipe-pages\pipe-pages.component.js
C:\Users\halfp\Desktop\dev\sandbox-angular4\sandbox-angular4\src\app\nav-pages\pipe-pages\pipe-pages.component.js.map
C:\Users\halfp\Desktop\dev\sandbox-angular4\sandbox-angular4\src\app\nav-pages\promises-and-observables\promises-and-observables.component.js
C:\Users\halfp\Desktop\dev\sandbox-angular4\sandbox-angular4\src\app\nav-pages\promises-and-observables\promises-and-observables.component.js.map
C:\Users\halfp\Desktop\dev\sandbox-angular4\sandbox-angular4\src\app\nav-pages\service-pages\service-pages.component.js
C:\Users\halfp\Desktop\dev\sandbox-angular4\sandbox-angular4\src\app\nav-pages\service-pages\service-pages.component.js.map
C:\Users\halfp\Desktop\dev\sandbox-angular4\sandbox-angular4\src\app\app.module.js
C:\Users\halfp\Desktop\dev\sandbox-angular4\sandbox-angular4\src\app\app.module.js.map
C:\Users\halfp\Desktop\dev\sandbox-angular4\sandbox-angular4\src\main.js
C:\Users\halfp\Desktop\dev\sandbox-angular4\sandbox-angular4\src\main.js.map
C:\Users\halfp\Desktop\dev\sandbox-angular4\sandbox-angular4\src\app\app.component.spec.js
C:\Users\halfp\Desktop\dev\sandbox-angular4\sandbox-angular4\src\app\app.component.spec.js.map
C:\Users\halfp\Desktop\dev\sandbox-angular4\sandbox-angular4\src\app\nav-pages\routing-page\routing-page.component.js
C:\Users\halfp\Desktop\dev\sandbox-angular4\sandbox-angular4\src\app\nav-pages\routing-page\routing-page.component.js.map
